<?xml version="1.0" encoding="UTF-8"?>
<testng-results skipped="0" failed="0" ignored="0" total="1" passed="1">
  <reporter-output>
  </reporter-output>
  <suite name="Default suite" duration-ms="152540" started-at="2018-07-17T14:58:01Z" finished-at="2018-07-17T15:00:34Z">
    <groups>
    </groups>
    <test name="Default test" duration-ms="152540" started-at="2018-07-17T14:58:01Z" finished-at="2018-07-17T15:00:34Z">
      <class name="registration.dailytest">
        <test-method status="PASS" signature="beforeClass()[pri:0, instance:registration.dailytest@475530b9]" name="beforeClass" is-config="true" duration-ms="56021" started-at="2018-07-17T14:58:02Z" finished-at="2018-07-17T14:58:58Z">
          <reporter-output>
          </reporter-output>
        </test-method> <!-- beforeClass -->
        <test-method status="PASS" signature="beforeMethod()[pri:0, instance:registration.dailytest@475530b9]" name="beforeMethod" is-config="true" duration-ms="1001" started-at="2018-07-17T14:58:58Z" finished-at="2018-07-17T14:58:59Z">
          <reporter-output>
          </reporter-output>
        </test-method> <!-- beforeMethod -->
        <test-method status="PASS" signature="script()[pri:0, instance:registration.dailytest@475530b9]" name="script" duration-ms="94452" started-at="2018-07-17T14:58:59Z" finished-at="2018-07-17T15:00:33Z">
          <reporter-output>
          </reporter-output>
        </test-method> <!-- script -->
        <test-method status="PASS" signature="afterMethod()[pri:0, instance:registration.dailytest@475530b9]" name="afterMethod" is-config="true" duration-ms="1001" started-at="2018-07-17T15:00:33Z" finished-at="2018-07-17T15:00:34Z">
          <reporter-output>
          </reporter-output>
        </test-method> <!-- afterMethod -->
      </class> <!-- registration.dailytest -->
    </test> <!-- Default test -->
  </suite> <!-- Default suite -->
</testng-results>
