<?xml version="1.0" encoding="UTF-8"?>
<testng-results skipped="0" failed="0" ignored="0" total="1" passed="1">
  <reporter-output>
  </reporter-output>
  <suite name="Default suite" duration-ms="9753" started-at="2018-07-16T06:03:36Z" finished-at="2018-07-16T06:03:46Z">
    <groups>
    </groups>
    <test name="Default test" duration-ms="9753" started-at="2018-07-16T06:03:36Z" finished-at="2018-07-16T06:03:46Z">
      <class name="registration.dailytest">
        <test-method status="PASS" signature="beforeClass()[pri:0, instance:registration.dailytest@475530b9]" name="beforeClass" is-config="true" duration-ms="7671" started-at="2018-07-16T06:03:36Z" finished-at="2018-07-16T06:03:44Z">
          <reporter-output>
          </reporter-output>
        </test-method> <!-- beforeClass -->
        <test-method status="PASS" signature="beforeMethod()[pri:0, instance:registration.dailytest@475530b9]" name="beforeMethod" is-config="true" duration-ms="1001" started-at="2018-07-16T06:03:44Z" finished-at="2018-07-16T06:03:45Z">
          <reporter-output>
          </reporter-output>
        </test-method> <!-- beforeMethod -->
        <test-method status="PASS" signature="script()[pri:0, instance:registration.dailytest@475530b9]" name="script" duration-ms="25" started-at="2018-07-16T06:03:45Z" finished-at="2018-07-16T06:03:45Z">
          <reporter-output>
          </reporter-output>
        </test-method> <!-- script -->
        <test-method status="PASS" signature="afterMethod()[pri:0, instance:registration.dailytest@475530b9]" name="afterMethod" is-config="true" duration-ms="1002" started-at="2018-07-16T06:03:45Z" finished-at="2018-07-16T06:03:46Z">
          <reporter-output>
          </reporter-output>
        </test-method> <!-- afterMethod -->
      </class> <!-- registration.dailytest -->
    </test> <!-- Default test -->
  </suite> <!-- Default suite -->
</testng-results>
